<?xml version="1.0" encoding="UTF-8"?>
<testsuite name="Tests.TelemetryResponseMessageTests" tests="8" skipped="0" failures="0" errors="0" timestamp="2025-09-10T14:28:56.690Z" hostname="ASSET-511" time="0.019">
  <properties/>
  <testcase name="GetCashboxMetricsResponseMessage_DeserializesCashboxMetrics()" classname="Tests.TelemetryResponseMessageTests" time="0.003"/>
  <testcase name="GetFirmwareMetricsResponseMessage_DeserializesFirmwareMetrics()" classname="Tests.TelemetryResponseMessageTests" time="0.001"/>
  <testcase name="TelemetryResponseMessage_DeserializesData()" classname="Tests.TelemetryResponseMessageTests" time="0.001"/>
  <testcase name="GetServiceUsageCountersResponseMessage_DeserializesServiceUsageCounters()" classname="Tests.TelemetryResponseMessageTests" time="0.002"/>
  <testcase name="GetServiceInfoResponseMessage_DeserializesServiceInfo()" classname="Tests.TelemetryResponseMessageTests" time="0.002"/>
  <testcase name="GetServiceFlagsResponseMessage_DeserializesServiceFlags()" classname="Tests.TelemetryResponseMessageTests" time="0.002"/>
  <testcase name="GetSerialNumberResponseMessage_DeserializesSerialNumber()" classname="Tests.TelemetryResponseMessageTests" time="0.001"/>
  <testcase name="GetUnitMetricsResponseMessage_DeserializesUnitMetrics()" classname="Tests.TelemetryResponseMessageTests" time="0.001"/>
  <system-out><![CDATA[]]></system-out>
  <system-err><![CDATA[]]></system-err>
</testsuite>
